2019-04-09 09:55:40,559 [INFO] [main] o.s.cloud.config.client.ConfigServicePropertySourceLocator [ConfigServicePropertySourceLocator.java : 82] Fetching config from server at: http://paascloud-discovery:8080/
2019-04-09 09:55:41,029 [WARN] [main] o.s.cloud.config.client.ConfigServicePropertySourceLocator [ConfigServicePropertySourceLocator.java : 136] Could not locate PropertySource: I/O error on GET request for "http://paascloud-discovery:8080/myweb-monitor/pro/master": paascloud-discovery; nested exception is java.net.UnknownHostException: paascloud-discovery
2019-04-09 09:55:41,032 [INFO] [main] com.cn.my.mywebmonitor.MywebMonitorApplication [SpringApplication.java : 597] The following profiles are active: pro
2019-04-09 09:55:41,128 [INFO] [main] o.s.b.c.e.AnnotationConfigEmbeddedWebApplicationContext [AbstractApplicationContext.java : 582] Refreshing org.springframework.boot.context.embedded.AnnotationConfigEmbeddedWebApplicationContext@f9d87b: startup date [Tue Apr 09 09:55:41 CST 2019]; parent: org.springframework.context.annotation.AnnotationConfigApplicationContext@550ee7e5
2019-04-09 09:55:43,202 [INFO] [main] o.s.beans.factory.support.DefaultListableBeanFactory [DefaultListableBeanFactory.java : 828] Overriding bean definition for bean 'counterFactory' with a different definition: replacing [Root bean: class [null]; scope=; abstract=false; lazyInit=false; autowireMode=3; dependencyCheck=0; autowireCandidate=true; primary=false; factoryBeanName=org.springframework.cloud.netflix.zuul.ZuulServerAutoConfiguration$ZuulMetricsConfiguration; factoryMethodName=counterFactory; initMethodName=null; destroyMethodName=(inferred); defined in class path resource [org/springframework/cloud/netflix/zuul/ZuulServerAutoConfiguration$ZuulMetricsConfiguration.class]] with [Root bean: class [null]; scope=; abstract=false; lazyInit=false; autowireMode=3; dependencyCheck=0; autowireCandidate=true; primary=false; factoryBeanName=org.springframework.cloud.netflix.zuul.ZuulServerAutoConfiguration$ZuulCounterFactoryConfiguration; factoryMethodName=counterFactory; initMethodName=null; destroyMethodName=(inferred); defined in class path resource [org/springframework/cloud/netflix/zuul/ZuulServerAutoConfiguration$ZuulCounterFactoryConfiguration.class]]
2019-04-09 09:55:43,367 [INFO] [main] o.s.beans.factory.support.DefaultListableBeanFactory [DefaultListableBeanFactory.java : 828] Overriding bean definition for bean 'zuulRefreshRoutesListener' with a different definition: replacing [Root bean: class [null]; scope=; abstract=false; lazyInit=false; autowireMode=3; dependencyCheck=0; autowireCandidate=true; primary=false; factoryBeanName=org.springframework.cloud.netflix.zuul.ZuulServerAutoConfiguration; factoryMethodName=zuulRefreshRoutesListener; initMethodName=null; destroyMethodName=(inferred); defined in class path resource [org/springframework/cloud/netflix/zuul/ZuulServerAutoConfiguration.class]] with [Root bean: class [null]; scope=; abstract=false; lazyInit=false; autowireMode=3; dependencyCheck=0; autowireCandidate=true; primary=false; factoryBeanName=de.codecentric.boot.admin.config.RevereseZuulProxyConfiguration; factoryMethodName=zuulRefreshRoutesListener; initMethodName=null; destroyMethodName=(inferred); defined in class path resource [de/codecentric/boot/admin/config/RevereseZuulProxyConfiguration.class]]
2019-04-09 09:55:43,999 [INFO] [main] org.springframework.cloud.context.scope.GenericScope [GenericScope.java : 287] BeanFactory id=e751652e-ad18-36fa-9ce4-2e1e205aab12
2019-04-09 09:55:44,034 [INFO] [main] o.s.b.f.annotation.AutowiredAnnotationBeanPostProcessor [AutowiredAnnotationBeanPostProcessor.java : 155] JSR-330 'javax.inject.Inject' annotation found and supported for autowiring
2019-04-09 09:55:44,174 [INFO] [main] o.s.c.s.PostProcessorRegistrationDelegate$BeanPostProcessorChecker [PostProcessorRegistrationDelegate.java : 325] Bean 'org.springframework.cloud.netflix.metrics.MetricsInterceptorConfiguration$MetricsRestTemplateConfiguration' of type [org.springframework.cloud.netflix.metrics.MetricsInterceptorConfiguration$MetricsRestTemplateConfiguration$$EnhancerBySpringCGLIB$$6224e8f1] is not eligible for getting processed by all BeanPostProcessors (for example: not eligible for auto-proxying)
2019-04-09 09:55:44,197 [INFO] [main] o.s.c.s.PostProcessorRegistrationDelegate$BeanPostProcessorChecker [PostProcessorRegistrationDelegate.java : 325] Bean 'org.springframework.cloud.autoconfigure.ConfigurationPropertiesRebinderAutoConfiguration' of type [org.springframework.cloud.autoconfigure.ConfigurationPropertiesRebinderAutoConfiguration$$EnhancerBySpringCGLIB$$4c1245ad] is not eligible for getting processed by all BeanPostProcessors (for example: not eligible for auto-proxying)
2019-04-09 09:55:44,822 [INFO] [main] o.s.b.context.embedded.tomcat.TomcatEmbeddedServletContainer [TomcatEmbeddedServletContainer.java : 89] Tomcat initialized with port(s): 8010 (http)
2019-04-09 09:55:44,845 [INFO] [main] org.apache.catalina.core.StandardService [DirectJDKLog.java : 179] Starting service [Tomcat]
2019-04-09 09:55:44,847 [INFO] [main] org.apache.catalina.core.StandardEngine [DirectJDKLog.java : 179] Starting Servlet Engine: Apache Tomcat/8.5.23
2019-04-09 09:55:45,204 [INFO] [localhost-startStop-1] o.a.catalina.core.ContainerBase.[Tomcat].[localhost].[/] [DirectJDKLog.java : 179] Initializing Spring embedded WebApplicationContext
2019-04-09 09:55:45,206 [INFO] [localhost-startStop-1] org.springframework.web.context.ContextLoader [EmbeddedWebApplicationContext.java : 276] Root WebApplicationContext: initialization completed in 4078 ms
2019-04-09 09:55:46,065 [INFO] [localhost-startStop-1] org.springframework.boot.web.servlet.FilterRegistrationBean [AbstractFilterRegistrationBean.java : 258] Mapping filter: 'metricsFilter' to: [/*]
2019-04-09 09:55:46,066 [INFO] [localhost-startStop-1] org.springframework.boot.web.servlet.FilterRegistrationBean [AbstractFilterRegistrationBean.java : 258] Mapping filter: 'characterEncodingFilter' to: [/*]
2019-04-09 09:55:46,067 [INFO] [localhost-startStop-1] org.springframework.boot.web.servlet.FilterRegistrationBean [AbstractFilterRegistrationBean.java : 258] Mapping filter: 'hiddenHttpMethodFilter' to: [/*]
2019-04-09 09:55:46,067 [INFO] [localhost-startStop-1] org.springframework.boot.web.servlet.FilterRegistrationBean [AbstractFilterRegistrationBean.java : 258] Mapping filter: 'httpPutFormContentFilter' to: [/*]
2019-04-09 09:55:46,067 [INFO] [localhost-startStop-1] org.springframework.boot.web.servlet.FilterRegistrationBean [AbstractFilterRegistrationBean.java : 258] Mapping filter: 'requestContextFilter' to: [/*]
2019-04-09 09:55:46,070 [INFO] [localhost-startStop-1] o.s.boot.web.servlet.DelegatingFilterProxyRegistrationBean [AbstractFilterRegistrationBean.java : 258] Mapping filter: 'springSecurityFilterChain' to: [/*]
2019-04-09 09:55:46,071 [INFO] [localhost-startStop-1] org.springframework.boot.web.servlet.FilterRegistrationBean [AbstractFilterRegistrationBean.java : 258] Mapping filter: 'webRequestLoggingFilter' to: [/*]
2019-04-09 09:55:46,072 [INFO] [localhost-startStop-1] org.springframework.boot.web.servlet.FilterRegistrationBean [AbstractFilterRegistrationBean.java : 258] Mapping filter: 'applicationContextIdFilter' to: [/*]
2019-04-09 09:55:46,073 [INFO] [localhost-startStop-1] org.springframework.boot.web.servlet.ServletRegistrationBean [ServletRegistrationBean.java : 190] Mapping servlet: 'turbineStreamServlet' to [/turbine.stream]
2019-04-09 09:55:46,075 [INFO] [localhost-startStop-1] org.springframework.boot.web.servlet.ServletRegistrationBean [ServletRegistrationBean.java : 190] Mapping servlet: 'proxyStreamServlet' to [/proxy.stream]
2019-04-09 09:55:46,076 [INFO] [localhost-startStop-1] org.springframework.boot.web.servlet.ServletRegistrationBean [ServletRegistrationBean.java : 190] Mapping servlet: 'dispatcherServlet' to [/]
2019-04-09 09:55:46,077 [INFO] [localhost-startStop-1] org.springframework.boot.web.servlet.ServletRegistrationBean [ServletRegistrationBean.java : 190] Mapping servlet: 'zuulServlet' to [/zuul/*]
2019-04-09 09:55:46,565 [INFO] [main] o.a.catalina.core.ContainerBase.[Tomcat].[localhost].[/] [DirectJDKLog.java : 179] jolokia: No access restrictor found, access to any MBean is allowed
2019-04-09 09:55:47,655 [INFO] [main] org.springframework.ui.freemarker.SpringTemplateLoader [SpringTemplateLoader.java : 61] SpringTemplateLoader for FreeMarker: using resource loader [org.springframework.boot.context.embedded.AnnotationConfigEmbeddedWebApplicationContext@f9d87b: startup date [Tue Apr 09 09:55:41 CST 2019]; parent: org.springframework.context.annotation.AnnotationConfigApplicationContext@550ee7e5] and template loader path [classpath:/templates/]
2019-04-09 09:55:47,658 [INFO] [main] o.s.web.servlet.view.freemarker.FreeMarkerConfigurer [FreeMarkerConfigurer.java : 127] ClassTemplateLoader for Spring macros added to FreeMarker configuration
2019-04-09 09:55:48,098 [WARN] [main] com.netflix.config.sources.URLConfigurationSource [URLConfigurationSource.java : 121] No URLs will be polled as dynamic configuration sources.
2019-04-09 09:55:48,098 [INFO] [main] com.netflix.config.sources.URLConfigurationSource [URLConfigurationSource.java : 122] To enable URLs as dynamic configuration sources, define System property archaius.configurationSource.additionalUrls or make config.properties available on classpath.
2019-04-09 09:55:48,112 [WARN] [main] com.netflix.config.sources.URLConfigurationSource [URLConfigurationSource.java : 121] No URLs will be polled as dynamic configuration sources.
2019-04-09 09:55:48,113 [INFO] [main] com.netflix.config.sources.URLConfigurationSource [URLConfigurationSource.java : 122] To enable URLs as dynamic configuration sources, define System property archaius.configurationSource.additionalUrls or make config.properties available on classpath.
2019-04-09 09:55:48,415 [INFO] [main] o.s.w.s.mvc.method.annotation.RequestMappingHandlerAdapter [RequestMappingHandlerAdapter.java : 534] Looking for @ControllerAdvice: org.springframework.boot.context.embedded.AnnotationConfigEmbeddedWebApplicationContext@f9d87b: startup date [Tue Apr 09 09:55:41 CST 2019]; parent: org.springframework.context.annotation.AnnotationConfigApplicationContext@550ee7e5
2019-04-09 09:55:48,652 [INFO] [main] o.s.w.s.mvc.method.annotation.RequestMappingHandlerMapping [AbstractHandlerMethodMapping.java : 543] Mapped "{[/hystrix/{path}]}" onto public java.lang.String org.springframework.cloud.netflix.hystrix.dashboard.HystrixDashboardController.monitor(java.lang.String,org.springframework.ui.Model,org.springframework.web.context.request.WebRequest)
2019-04-09 09:55:48,654 [INFO] [main] o.s.w.s.mvc.method.annotation.RequestMappingHandlerMapping [AbstractHandlerMethodMapping.java : 543] Mapped "{[/hystrix]}" onto public java.lang.String org.springframework.cloud.netflix.hystrix.dashboard.HystrixDashboardController.home(org.springframework.ui.Model,org.springframework.web.context.request.WebRequest)
2019-04-09 09:55:48,660 [INFO] [main] o.s.w.s.mvc.method.annotation.RequestMappingHandlerMapping [AbstractHandlerMethodMapping.java : 543] Mapped "{[/error]}" onto public org.springframework.http.ResponseEntity<java.util.Map<java.lang.String, java.lang.Object>> org.springframework.boot.autoconfigure.web.BasicErrorController.error(javax.servlet.http.HttpServletRequest)
2019-04-09 09:55:48,661 [INFO] [main] o.s.w.s.mvc.method.annotation.RequestMappingHandlerMapping [AbstractHandlerMethodMapping.java : 543] Mapped "{[/error],produces=[text/html]}" onto public org.springframework.web.servlet.ModelAndView org.springframework.boot.autoconfigure.web.BasicErrorController.errorHtml(javax.servlet.http.HttpServletRequest,javax.servlet.http.HttpServletResponse)
2019-04-09 09:55:48,669 [INFO] [main] o.s.w.s.mvc.method.annotation.RequestMappingHandlerMapping [AbstractHandlerMethodMapping.java : 543] Mapped "{[/api/turbine/clusters],methods=[GET]}" onto public java.util.Map<java.lang.String, ?> spring.boot.admin.turbine.web.TurbineController.getClusters()
2019-04-09 09:55:48,673 [INFO] [main] o.s.w.s.mvc.method.annotation.RequestMappingHandlerMapping [AbstractHandlerMethodMapping.java : 543] Mapped "{[/api/applications/{id}],methods=[GET]}" onto public org.springframework.http.ResponseEntity<?> de.codecentric.boot.admin.registry.web.RegistryController.get(java.lang.String)
2019-04-09 09:55:48,674 [INFO] [main] o.s.w.s.mvc.method.annotation.RequestMappingHandlerMapping [AbstractHandlerMethodMapping.java : 543] Mapped "{[/api/applications],methods=[POST]}" onto public org.springframework.http.ResponseEntity<?> de.codecentric.boot.admin.registry.web.RegistryController.register(de.codecentric.boot.admin.model.Application,org.springframework.web.util.UriComponentsBuilder)
2019-04-09 09:55:48,675 [INFO] [main] o.s.w.s.mvc.method.annotation.RequestMappingHandlerMapping [AbstractHandlerMethodMapping.java : 543] Mapped "{[/api/applications/{id}],methods=[DELETE]}" onto public org.springframework.http.ResponseEntity<?> de.codecentric.boot.admin.registry.web.RegistryController.unregister(java.lang.String)
2019-04-09 09:55:48,678 [INFO] [main] o.s.w.s.mvc.method.annotation.RequestMappingHandlerMapping [AbstractHandlerMethodMapping.java : 543] Mapped "{[/api/applications],methods=[GET]}" onto public java.util.Collection<de.codecentric.boot.admin.model.Application> de.codecentric.boot.admin.registry.web.RegistryController.applications(java.lang.String)
2019-04-09 09:55:48,684 [INFO] [main] o.s.w.s.mvc.method.annotation.RequestMappingHandlerMapping [AbstractHandlerMethodMapping.java : 543] Mapped "{[/api/journal],produces=[application/json]}" onto public java.util.Collection<de.codecentric.boot.admin.event.ClientApplicationEvent> de.codecentric.boot.admin.journal.web.JournalController.getJournal()
2019-04-09 09:55:48,685 [INFO] [main] o.s.w.s.mvc.method.annotation.RequestMappingHandlerMapping [AbstractHandlerMethodMapping.java : 543] Mapped "{[/api/journal],produces=[text/event-stream]}" onto public org.springframework.web.servlet.mvc.method.annotation.SseEmitter de.codecentric.boot.admin.journal.web.JournalController.getJournalEvents()
2019-04-09 09:55:48,719 [INFO] [main] o.s.web.servlet.handler.SimpleUrlHandlerMapping [AbstractUrlHandlerMapping.java : 349] Root mapping to handler of type [class org.springframework.web.servlet.mvc.ParameterizableViewController]
2019-04-09 09:55:48,782 [WARN] [main] o.s.web.servlet.resource.ResourceHttpRequestHandler [ResourceHttpRequestHandler.java : 311] Locations list is empty. No resources will be served unless a custom ResourceResolver is configured as an alternative to PathResourceResolver.
2019-04-09 09:55:48,783 [WARN] [main] o.s.web.servlet.resource.ResourceHttpRequestHandler [ResourceHttpRequestHandler.java : 311] Locations list is empty. No resources will be served unless a custom ResourceResolver is configured as an alternative to PathResourceResolver.
2019-04-09 09:55:48,786 [INFO] [main] o.s.web.servlet.handler.SimpleUrlHandlerMapping [AbstractUrlHandlerMapping.java : 362] Mapped URL path [/webjars/**] onto handler of type [class org.springframework.web.servlet.resource.ResourceHttpRequestHandler]
2019-04-09 09:55:48,787 [INFO] [main] o.s.web.servlet.handler.SimpleUrlHandlerMapping [AbstractUrlHandlerMapping.java : 362] Mapped URL path [/**] onto handler of type [class org.springframework.web.servlet.resource.ResourceHttpRequestHandler]
2019-04-09 09:55:48,787 [INFO] [main] o.s.web.servlet.handler.SimpleUrlHandlerMapping [AbstractUrlHandlerMapping.java : 362] Mapped URL path [/all-modules.css] onto handler of type [class org.springframework.web.servlet.resource.ResourceHttpRequestHandler]
2019-04-09 09:55:48,788 [INFO] [main] o.s.web.servlet.handler.SimpleUrlHandlerMapping [AbstractUrlHandlerMapping.java : 362] Mapped URL path [/all-modules.js] onto handler of type [class org.springframework.web.servlet.resource.ResourceHttpRequestHandler]
2019-04-09 09:55:48,890 [INFO] [main] o.s.web.servlet.handler.SimpleUrlHandlerMapping [AbstractUrlHandlerMapping.java : 362] Mapped URL path [/**/favicon.ico] onto handler of type [class org.springframework.web.servlet.resource.ResourceHttpRequestHandler]
2019-04-09 09:55:50,160 [INFO] [main] com.hazelcast.instance.DefaultAddressPicker [StandardLoggerFactory.java : 49] [LOCAL] [dev] [3.7.8] Prefer IPv4 stack is true.
2019-04-09 09:55:50,286 [INFO] [main] com.hazelcast.instance.DefaultAddressPicker [StandardLoggerFactory.java : 49] [LOCAL] [dev] [3.7.8] Picked [192.168.128.36]:5701, using socket ServerSocket[addr=/0:0:0:0:0:0:0:0,localport=5701], bind any local is true
2019-04-09 09:55:50,354 [INFO] [main] com.hazelcast.system [StandardLoggerFactory.java : 49] [192.168.128.36]:5701 [dev] [3.7.8] Hazelcast 3.7.8 (20170525 - 4e820fa) starting at [192.168.128.36]:5701
2019-04-09 09:55:50,355 [INFO] [main] com.hazelcast.system [StandardLoggerFactory.java : 49] [192.168.128.36]:5701 [dev] [3.7.8] Copyright (c) 2008-2016, Hazelcast, Inc. All Rights Reserved.
2019-04-09 09:55:50,356 [INFO] [main] com.hazelcast.system [StandardLoggerFactory.java : 49] [192.168.128.36]:5701 [dev] [3.7.8] Configured Hazelcast Serialization version : 1
2019-04-09 09:55:50,937 [INFO] [main] c.h.spi.impl.operationservice.impl.BackpressureRegulator [StandardLoggerFactory.java : 49] [192.168.128.36]:5701 [dev] [3.7.8] Backpressure is disabled
2019-04-09 09:55:52,406 [INFO] [main] com.hazelcast.instance.Node [StandardLoggerFactory.java : 49] [192.168.128.36]:5701 [dev] [3.7.8] Creating MulticastJoiner
2019-04-09 09:55:52,755 [INFO] [main] c.h.spi.impl.operationexecutor.impl.OperationExecutorImpl [StandardLoggerFactory.java : 49] [192.168.128.36]:5701 [dev] [3.7.8] Starting 4 partition threads
2019-04-09 09:55:52,756 [INFO] [main] c.h.spi.impl.operationexecutor.impl.OperationExecutorImpl [StandardLoggerFactory.java : 49] [192.168.128.36]:5701 [dev] [3.7.8] Starting 3 generic threads (1 dedicated for priority tasks)
2019-04-09 09:55:52,772 [INFO] [main] com.hazelcast.core.LifecycleService [StandardLoggerFactory.java : 49] [192.168.128.36]:5701 [dev] [3.7.8] [192.168.128.36]:5701 is STARTING
2019-04-09 09:55:52,773 [INFO] [main] c.hazelcast.nio.tcp.nonblocking.NonBlockingIOThreadingModel [StandardLoggerFactory.java : 49] [192.168.128.36]:5701 [dev] [3.7.8] TcpIpConnectionManager configured with Non Blocking IO-threading model: 3 input threads and 3 output threads
2019-04-09 09:55:55,686 [INFO] [main] com.hazelcast.internal.cluster.impl.MulticastJoiner [StandardLoggerFactory.java : 49] [192.168.128.36]:5701 [dev] [3.7.8] 


Members [1] {
	Member [192.168.128.36]:5701 - 01e0d0ad-ded1-4c8c-9d74-4cdccfa0f9d6 this
}

2019-04-09 09:55:55,773 [INFO] [main] com.hazelcast.internal.jmx.ManagementService [StandardLoggerFactory.java : 49] [192.168.128.36]:5701 [dev] [3.7.8] Hazelcast JMX agent enabled.
2019-04-09 09:55:55,823 [INFO] [main] com.hazelcast.core.LifecycleService [StandardLoggerFactory.java : 49] [192.168.128.36]:5701 [dev] [3.7.8] [192.168.128.36]:5701 is STARTED
2019-04-09 09:55:56,286 [INFO] [main] org.springframework.security.web.DefaultSecurityFilterChain [DefaultSecurityFilterChain.java : 43] Creating filter chain: OrRequestMatcher [requestMatchers=[Ant [pattern='/css/**'], Ant [pattern='/js/**'], Ant [pattern='/images/**'], Ant [pattern='/webjars/**'], Ant [pattern='/**/favicon.ico'], Ant [pattern='/error']]], []
2019-04-09 09:55:56,286 [INFO] [main] org.springframework.security.web.DefaultSecurityFilterChain [DefaultSecurityFilterChain.java : 43] Creating filter chain: org.springframework.boot.actuate.autoconfigure.ManagementWebSecurityAutoConfiguration$LazyEndpointPathRequestMatcher@73958426, []
2019-04-09 09:55:56,485 [INFO] [main] org.springframework.security.web.DefaultSecurityFilterChain [DefaultSecurityFilterChain.java : 43] Creating filter chain: org.springframework.security.web.util.matcher.AnyRequestMatcher@1, [org.springframework.security.web.context.request.async.WebAsyncManagerIntegrationFilter@b671dda, org.springframework.security.web.context.SecurityContextPersistenceFilter@b5ff70b, org.springframework.security.web.header.HeaderWriterFilter@13d5606c, org.springframework.security.web.authentication.logout.LogoutFilter@79135a38, org.springframework.security.web.authentication.UsernamePasswordAuthenticationFilter@30c03473, org.springframework.security.web.savedrequest.RequestCacheAwareFilter@114badf0, org.springframework.security.web.servletapi.SecurityContextHolderAwareRequestFilter@322ab6ce, org.springframework.security.web.authentication.AnonymousAuthenticationFilter@25b20860, org.springframework.security.web.session.SessionManagementFilter@7165bde6, org.springframework.security.web.access.ExceptionTranslationFilter@22f80e36, org.springframework.security.web.access.intercept.FilterSecurityInterceptor@3a7d914c]
2019-04-09 09:55:56,498 [INFO] [main] org.springframework.security.web.DefaultSecurityFilterChain [DefaultSecurityFilterChain.java : 43] Creating filter chain: org.springframework.boot.autoconfigure.security.SpringBootWebSecurityConfiguration$ApplicationNoWebSecurityConfigurerAdapter$1@6ad3fbe4, [org.springframework.security.web.context.request.async.WebAsyncManagerIntegrationFilter@17189618, org.springframework.security.web.context.SecurityContextPersistenceFilter@5f5923ef, org.springframework.security.web.header.HeaderWriterFilter@7c840fe3, org.springframework.security.web.csrf.CsrfFilter@4aa517c3, org.springframework.security.web.authentication.logout.LogoutFilter@7c03f9d0, org.springframework.security.web.savedrequest.RequestCacheAwareFilter@7381d6f0, org.springframework.security.web.servletapi.SecurityContextHolderAwareRequestFilter@2f262474, org.springframework.security.web.authentication.AnonymousAuthenticationFilter@983050b, org.springframework.security.web.session.SessionManagementFilter@59014efe, org.springframework.security.web.access.ExceptionTranslationFilter@17a77a7e]
2019-04-09 09:55:57,673 [INFO] [main] com.hazelcast.internal.partition.impl.PartitionStateManager [StandardLoggerFactory.java : 49] [192.168.128.36]:5701 [dev] [3.7.8] Initializing cluster partition table arrangement...
2019-04-09 09:55:57,964 [INFO] [main] o.s.boot.actuate.endpoint.mvc.EndpointHandlerMapping [AbstractHandlerMethodMapping.java : 543] Mapped "{[/features || /features.json],methods=[GET],produces=[application/vnd.spring-boot.actuator.v1+json || application/json]}" onto public java.lang.Object org.springframework.boot.actuate.endpoint.mvc.EndpointMvcAdapter.invoke()
2019-04-09 09:55:57,966 [INFO] [main] o.s.boot.actuate.endpoint.mvc.EndpointHandlerMapping [AbstractHandlerMethodMapping.java : 543] Mapped "{[/env],methods=[POST]}" onto public java.lang.Object org.springframework.cloud.context.environment.EnvironmentManagerMvcEndpoint.value(java.util.Map<java.lang.String, java.lang.String>)
2019-04-09 09:55:57,968 [INFO] [main] o.s.boot.actuate.endpoint.mvc.EndpointHandlerMapping [AbstractHandlerMethodMapping.java : 543] Mapped "{[/env/reset],methods=[POST]}" onto public java.util.Map<java.lang.String, java.lang.Object> org.springframework.cloud.context.environment.EnvironmentManagerMvcEndpoint.reset()
2019-04-09 09:55:57,971 [INFO] [main] o.s.boot.actuate.endpoint.mvc.EndpointHandlerMapping [AbstractHandlerMethodMapping.java : 543] Mapped "{[/autoconfig || /autoconfig.json],methods=[GET],produces=[application/vnd.spring-boot.actuator.v1+json || application/json]}" onto public java.lang.Object org.springframework.boot.actuate.endpoint.mvc.EndpointMvcAdapter.invoke()
2019-04-09 09:55:57,977 [INFO] [main] o.s.boot.actuate.endpoint.mvc.EndpointHandlerMapping [AbstractHandlerMethodMapping.java : 543] Mapped "{[/env/{name:.*}],methods=[GET],produces=[application/vnd.spring-boot.actuator.v1+json || application/json]}" onto public java.lang.Object org.springframework.boot.actuate.endpoint.mvc.EnvironmentMvcEndpoint.value(java.lang.String)
2019-04-09 09:55:57,978 [INFO] [main] o.s.boot.actuate.endpoint.mvc.EndpointHandlerMapping [AbstractHandlerMethodMapping.java : 543] Mapped "{[/env || /env.json],methods=[GET],produces=[application/vnd.spring-boot.actuator.v1+json || application/json]}" onto public java.lang.Object org.springframework.boot.actuate.endpoint.mvc.EndpointMvcAdapter.invoke()
2019-04-09 09:55:57,982 [INFO] [main] o.s.boot.actuate.endpoint.mvc.EndpointHandlerMapping [AbstractHandlerMethodMapping.java : 543] Mapped "{[/refresh || /refresh.json],methods=[POST]}" onto public java.lang.Object org.springframework.cloud.endpoint.GenericPostableMvcEndpoint.invoke()
2019-04-09 09:55:57,984 [INFO] [main] o.s.boot.actuate.endpoint.mvc.EndpointHandlerMapping [AbstractHandlerMethodMapping.java : 543] Mapped "{[/jolokia/**]}" onto public org.springframework.web.servlet.ModelAndView org.springframework.boot.actuate.endpoint.mvc.JolokiaMvcEndpoint.handle(javax.servlet.http.HttpServletRequest,javax.servlet.http.HttpServletResponse) throws java.lang.Exception
2019-04-09 09:55:57,985 [INFO] [main] o.s.boot.actuate.endpoint.mvc.EndpointHandlerMapping [AbstractHandlerMethodMapping.java : 543] Mapped "{[/service-registry/instance-status],methods=[POST]}" onto public org.springframework.http.ResponseEntity<?> org.springframework.cloud.client.serviceregistry.endpoint.ServiceRegistryEndpoint.setStatus(java.lang.String)
2019-04-09 09:55:57,985 [INFO] [main] o.s.boot.actuate.endpoint.mvc.EndpointHandlerMapping [AbstractHandlerMethodMapping.java : 543] Mapped "{[/service-registry/instance-status],methods=[GET]}" onto public org.springframework.http.ResponseEntity org.springframework.cloud.client.serviceregistry.endpoint.ServiceRegistryEndpoint.getStatus()
2019-04-09 09:55:57,988 [INFO] [main] o.s.boot.actuate.endpoint.mvc.EndpointHandlerMapping [AbstractHandlerMethodMapping.java : 543] Mapped "{[/beans || /beans.json],methods=[GET],produces=[application/vnd.spring-boot.actuator.v1+json || application/json]}" onto public java.lang.Object org.springframework.boot.actuate.endpoint.mvc.EndpointMvcAdapter.invoke()
2019-04-09 09:55:57,990 [INFO] [main] o.s.boot.actuate.endpoint.mvc.EndpointHandlerMapping [AbstractHandlerMethodMapping.java : 543] Mapped "{[/mappings || /mappings.json],methods=[GET],produces=[application/vnd.spring-boot.actuator.v1+json || application/json]}" onto public java.lang.Object org.springframework.boot.actuate.endpoint.mvc.EndpointMvcAdapter.invoke()
2019-04-09 09:55:57,993 [INFO] [main] o.s.boot.actuate.endpoint.mvc.EndpointHandlerMapping [AbstractHandlerMethodMapping.java : 543] Mapped "{[/loggers/{name:.*}],methods=[GET],produces=[application/vnd.spring-boot.actuator.v1+json || application/json]}" onto public java.lang.Object org.springframework.boot.actuate.endpoint.mvc.LoggersMvcEndpoint.get(java.lang.String)
2019-04-09 09:55:57,994 [INFO] [main] o.s.boot.actuate.endpoint.mvc.EndpointHandlerMapping [AbstractHandlerMethodMapping.java : 543] Mapped "{[/loggers/{name:.*}],methods=[POST],consumes=[application/vnd.spring-boot.actuator.v1+json || application/json],produces=[application/vnd.spring-boot.actuator.v1+json || application/json]}" onto public java.lang.Object org.springframework.boot.actuate.endpoint.mvc.LoggersMvcEndpoint.set(java.lang.String,java.util.Map<java.lang.String, java.lang.String>)
2019-04-09 09:55:57,995 [INFO] [main] o.s.boot.actuate.endpoint.mvc.EndpointHandlerMapping [AbstractHandlerMethodMapping.java : 543] Mapped "{[/loggers || /loggers.json],methods=[GET],produces=[application/vnd.spring-boot.actuator.v1+json || application/json]}" onto public java.lang.Object org.springframework.boot.actuate.endpoint.mvc.EndpointMvcAdapter.invoke()
2019-04-09 09:55:57,997 [INFO] [main] o.s.boot.actuate.endpoint.mvc.EndpointHandlerMapping [AbstractHandlerMethodMapping.java : 543] Mapped "{[/logfile || /logfile.json],methods=[GET || HEAD]}" onto public void org.springframework.boot.actuate.endpoint.mvc.LogFileMvcEndpoint.invoke(javax.servlet.http.HttpServletRequest,javax.servlet.http.HttpServletResponse) throws javax.servlet.ServletException,java.io.IOException
2019-04-09 09:55:57,999 [INFO] [main] o.s.boot.actuate.endpoint.mvc.EndpointHandlerMapping [AbstractHandlerMethodMapping.java : 543] Mapped "{[/dump || /dump.json],methods=[GET],produces=[application/vnd.spring-boot.actuator.v1+json || application/json]}" onto public java.lang.Object org.springframework.boot.actuate.endpoint.mvc.EndpointMvcAdapter.invoke()
2019-04-09 09:55:58,000 [INFO] [main] o.s.boot.actuate.endpoint.mvc.EndpointHandlerMapping [AbstractHandlerMethodMapping.java : 543] Mapped "{[/info || /info.json],methods=[GET],produces=[application/vnd.spring-boot.actuator.v1+json || application/json]}" onto public java.lang.Object org.springframework.boot.actuate.endpoint.mvc.EndpointMvcAdapter.invoke()
2019-04-09 09:55:58,003 [INFO] [main] o.s.boot.actuate.endpoint.mvc.EndpointHandlerMapping [AbstractHandlerMethodMapping.java : 543] Mapped "{[/routes || /routes.json],methods=[GET],produces=[application/vnd.spring-boot.actuator.v1+json || application/json]}" onto public java.lang.Object org.springframework.boot.actuate.endpoint.mvc.EndpointMvcAdapter.invoke()
2019-04-09 09:55:58,005 [INFO] [main] o.s.boot.actuate.endpoint.mvc.EndpointHandlerMapping [AbstractHandlerMethodMapping.java : 543] Mapped "{[/archaius || /archaius.json],methods=[GET],produces=[application/vnd.spring-boot.actuator.v1+json || application/json]}" onto public java.lang.Object org.springframework.boot.actuate.endpoint.mvc.EndpointMvcAdapter.invoke()
2019-04-09 09:55:58,008 [INFO] [main] o.s.boot.actuate.endpoint.mvc.EndpointHandlerMapping [AbstractHandlerMethodMapping.java : 543] Mapped "{[/health || /health.json],methods=[GET],produces=[application/vnd.spring-boot.actuator.v1+json || application/json]}" onto public java.lang.Object org.springframework.boot.actuate.endpoint.mvc.HealthMvcEndpoint.invoke(javax.servlet.http.HttpServletRequest,java.security.Principal)
2019-04-09 09:55:58,010 [INFO] [main] o.s.boot.actuate.endpoint.mvc.EndpointHandlerMapping [AbstractHandlerMethodMapping.java : 543] Mapped "{[/metrics/{name:.*}],methods=[GET],produces=[application/vnd.spring-boot.actuator.v1+json || application/json]}" onto public java.lang.Object org.springframework.boot.actuate.endpoint.mvc.MetricsMvcEndpoint.value(java.lang.String)
2019-04-09 09:55:58,011 [INFO] [main] o.s.boot.actuate.endpoint.mvc.EndpointHandlerMapping [AbstractHandlerMethodMapping.java : 543] Mapped "{[/metrics || /metrics.json],methods=[GET],produces=[application/vnd.spring-boot.actuator.v1+json || application/json]}" onto public java.lang.Object org.springframework.boot.actuate.endpoint.mvc.EndpointMvcAdapter.invoke()
2019-04-09 09:55:58,012 [INFO] [main] o.s.boot.actuate.endpoint.mvc.EndpointHandlerMapping [AbstractHandlerMethodMapping.java : 543] Mapped "{[/trace || /trace.json],methods=[GET],produces=[application/vnd.spring-boot.actuator.v1+json || application/json]}" onto public java.lang.Object org.springframework.boot.actuate.endpoint.mvc.EndpointMvcAdapter.invoke()
2019-04-09 09:55:58,013 [INFO] [main] o.s.boot.actuate.endpoint.mvc.EndpointHandlerMapping [AbstractHandlerMethodMapping.java : 543] Mapped "{[/configprops || /configprops.json],methods=[GET],produces=[application/vnd.spring-boot.actuator.v1+json || application/json]}" onto public java.lang.Object org.springframework.boot.actuate.endpoint.mvc.EndpointMvcAdapter.invoke()
2019-04-09 09:55:58,014 [INFO] [main] o.s.boot.actuate.endpoint.mvc.EndpointHandlerMapping [AbstractHandlerMethodMapping.java : 543] Mapped "{[/heapdump || /heapdump.json],methods=[GET],produces=[application/octet-stream]}" onto public void org.springframework.boot.actuate.endpoint.mvc.HeapdumpMvcEndpoint.invoke(boolean,javax.servlet.http.HttpServletRequest,javax.servlet.http.HttpServletResponse) throws java.io.IOException,javax.servlet.ServletException
2019-04-09 09:55:58,016 [INFO] [main] o.s.boot.actuate.endpoint.mvc.EndpointHandlerMapping [AbstractHandlerMethodMapping.java : 543] Mapped "{[/auditevents || /auditevents.json],methods=[GET],produces=[application/vnd.spring-boot.actuator.v1+json || application/json]}" onto public org.springframework.http.ResponseEntity<?> org.springframework.boot.actuate.endpoint.mvc.AuditEventsMvcEndpoint.findByPrincipalAndAfterAndType(java.lang.String,java.util.Date,java.lang.String)
2019-04-09 09:55:59,791 [WARN] [main] o.s.b.c.e.AnnotationConfigEmbeddedWebApplicationContext [AbstractApplicationContext.java : 550] Exception encountered during context initialization - cancelling refresh attempt: org.springframework.beans.factory.BeanCreationException: Error creating bean with name 'org.springframework.boot.autoconfigure.mail.MailSenderValidatorAutoConfiguration': Invocation of init method failed; nested exception is java.lang.IllegalStateException: Mail server is not available
2019-04-09 09:55:59,798 [INFO] [main] o.s.jmx.export.annotation.AnnotationMBeanExporter [MBeanExporter.java : 449] Unregistering JMX-exposed beans on shutdown
2019-04-09 09:55:59,799 [INFO] [main] com.hazelcast.core.LifecycleService [StandardLoggerFactory.java : 49] [192.168.128.36]:5701 [dev] [3.7.8] [192.168.128.36]:5701 is SHUTTING_DOWN
2019-04-09 09:55:59,801 [INFO] [main] com.hazelcast.internal.partition.impl.MigrationManager [StandardLoggerFactory.java : 49] [192.168.128.36]:5701 [dev] [3.7.8] Shutdown request of [192.168.128.36]:5701 is handled
2019-04-09 09:55:59,833 [INFO] [main] com.hazelcast.instance.Node [StandardLoggerFactory.java : 49] [192.168.128.36]:5701 [dev] [3.7.8] Shutting down multicast service...
2019-04-09 09:55:59,835 [INFO] [main] com.hazelcast.instance.Node [StandardLoggerFactory.java : 49] [192.168.128.36]:5701 [dev] [3.7.8] Shutting down connection manager...
2019-04-09 09:55:59,841 [INFO] [main] com.hazelcast.instance.Node [StandardLoggerFactory.java : 49] [192.168.128.36]:5701 [dev] [3.7.8] Shutting down node engine...
2019-04-09 09:55:59,918 [INFO] [main] com.hazelcast.instance.NodeExtension [StandardLoggerFactory.java : 49] [192.168.128.36]:5701 [dev] [3.7.8] Destroying node NodeExtension.
2019-04-09 09:55:59,920 [INFO] [main] com.hazelcast.instance.Node [StandardLoggerFactory.java : 49] [192.168.128.36]:5701 [dev] [3.7.8] Hazelcast Shutdown is completed in 120 ms.
2019-04-09 09:55:59,922 [INFO] [main] com.hazelcast.core.LifecycleService [StandardLoggerFactory.java : 49] [192.168.128.36]:5701 [dev] [3.7.8] [192.168.128.36]:5701 is SHUTDOWN
2019-04-09 09:55:59,945 [INFO] [main] org.springframework.cloud.netflix.eureka.InstanceInfoFactory [InstanceInfoFactory.java : 71] Setting initial instance status as: STARTING
2019-04-09 09:56:00,049 [INFO] [main] com.netflix.discovery.DiscoveryClient [DiscoveryClient.java : 347] Initializing Eureka in region us-east-1
2019-04-09 09:56:00,263 [INFO] [main] com.netflix.discovery.provider.DiscoveryJerseyProvider [DiscoveryJerseyProvider.java : 70] Using JSON encoding codec LegacyJacksonJson
2019-04-09 09:56:00,264 [INFO] [main] com.netflix.discovery.provider.DiscoveryJerseyProvider [DiscoveryJerseyProvider.java : 71] Using JSON decoding codec LegacyJacksonJson
2019-04-09 09:56:00,637 [INFO] [main] com.netflix.discovery.provider.DiscoveryJerseyProvider [DiscoveryJerseyProvider.java : 80] Using XML encoding codec XStreamXml
2019-04-09 09:56:00,638 [INFO] [main] com.netflix.discovery.provider.DiscoveryJerseyProvider [DiscoveryJerseyProvider.java : 81] Using XML decoding codec XStreamXml
2019-04-09 09:56:01,548 [INFO] [main] c.n.discovery.shared.resolver.aws.ConfigClusterResolver [ConfigClusterResolver.java : 43] Resolving eureka endpoints via configuration
2019-04-09 09:56:01,734 [INFO] [main] com.netflix.discovery.DiscoveryClient [DiscoveryClient.java : 929] Disable delta property : false
2019-04-09 09:56:01,735 [INFO] [main] com.netflix.discovery.DiscoveryClient [DiscoveryClient.java : 930] Single vip registry refresh property : null
2019-04-09 09:56:01,735 [INFO] [main] com.netflix.discovery.DiscoveryClient [DiscoveryClient.java : 931] Force full registry fetch : false
2019-04-09 09:56:01,735 [INFO] [main] com.netflix.discovery.DiscoveryClient [DiscoveryClient.java : 932] Application is null : false
2019-04-09 09:56:01,736 [INFO] [main] com.netflix.discovery.DiscoveryClient [DiscoveryClient.java : 933] Registered Applications size is zero : true
2019-04-09 09:56:01,736 [INFO] [main] com.netflix.discovery.DiscoveryClient [DiscoveryClient.java : 935] Application version is -1: true
2019-04-09 09:56:01,736 [INFO] [main] com.netflix.discovery.DiscoveryClient [DiscoveryClient.java : 1018] Getting all instance registry info from the eureka server
2019-04-09 09:56:02,219 [ERROR] [main] c.n.d.shared.transport.decorator.RedirectingEurekaHttpClient [RedirectingEurekaHttpClient.java : 83] Request execution error
com.sun.jersey.api.client.ClientHandlerException: java.net.UnknownHostException: paascloud-eureka
	at com.sun.jersey.client.apache4.ApacheHttpClient4Handler.handle(ApacheHttpClient4Handler.java:187)
	at com.sun.jersey.api.client.filter.GZIPContentEncodingFilter.handle(GZIPContentEncodingFilter.java:123)
	at com.netflix.discovery.EurekaIdentityHeaderFilter.handle(EurekaIdentityHeaderFilter.java:27)
	at com.sun.jersey.api.client.Client.handle(Client.java:652)
	at com.sun.jersey.api.client.WebResource.handle(WebResource.java:682)
	at com.sun.jersey.api.client.WebResource.access$200(WebResource.java:74)
	at com.sun.jersey.api.client.WebResource$Builder.get(WebResource.java:509)
	at com.netflix.discovery.shared.transport.jersey.AbstractJerseyEurekaHttpClient.getApplicationsInternal(AbstractJerseyEurekaHttpClient.java:194)
	at com.netflix.discovery.shared.transport.jersey.AbstractJerseyEurekaHttpClient.getApplications(AbstractJerseyEurekaHttpClient.java:165)
	at com.netflix.discovery.shared.transport.decorator.EurekaHttpClientDecorator$6.execute(EurekaHttpClientDecorator.java:137)
	at com.netflix.discovery.shared.transport.decorator.MetricsCollectingEurekaHttpClient.execute(MetricsCollectingEurekaHttpClient.java:73)
	at com.netflix.discovery.shared.transport.decorator.EurekaHttpClientDecorator.getApplications(EurekaHttpClientDecorator.java:134)
	at com.netflix.discovery.shared.transport.decorator.EurekaHttpClientDecorator$6.execute(EurekaHttpClientDecorator.java:137)
	at com.netflix.discovery.shared.transport.decorator.RedirectingEurekaHttpClient.executeOnNewServer(RedirectingEurekaHttpClient.java:118)
	at com.netflix.discovery.shared.transport.decorator.RedirectingEurekaHttpClient.execute(RedirectingEurekaHttpClient.java:79)
	at com.netflix.discovery.shared.transport.decorator.EurekaHttpClientDecorator.getApplications(EurekaHttpClientDecorator.java:134)
	at com.netflix.discovery.shared.transport.decorator.EurekaHttpClientDecorator$6.execute(EurekaHttpClientDecorator.java:137)
	at com.netflix.discovery.shared.transport.decorator.RetryableEurekaHttpClient.execute(RetryableEurekaHttpClient.java:119)
	at com.netflix.discovery.shared.transport.decorator.EurekaHttpClientDecorator.getApplications(EurekaHttpClientDecorator.java:134)
	at com.netflix.discovery.shared.transport.decorator.EurekaHttpClientDecorator$6.execute(EurekaHttpClientDecorator.java:137)
	at com.netflix.discovery.shared.transport.decorator.SessionedEurekaHttpClient.execute(SessionedEurekaHttpClient.java:77)
	at com.netflix.discovery.shared.transport.decorator.EurekaHttpClientDecorator.getApplications(EurekaHttpClientDecorator.java:134)
	at com.netflix.discovery.DiscoveryClient.getAndStoreFullRegistry(DiscoveryClient.java:1022)
	at com.netflix.discovery.DiscoveryClient.fetchRegistry(DiscoveryClient.java:936)
	at com.netflix.discovery.DiscoveryClient.<init>(DiscoveryClient.java:412)
	at com.netflix.discovery.DiscoveryClient.<init>(DiscoveryClient.java:267)
	at org.springframework.cloud.netflix.eureka.CloudEurekaClient.<init>(CloudEurekaClient.java:61)
	at org.springframework.cloud.netflix.eureka.EurekaClientAutoConfiguration$RefreshableEurekaClientConfiguration.eurekaClient(EurekaClientAutoConfiguration.java:261)
	at org.springframework.cloud.netflix.eureka.EurekaClientAutoConfiguration$RefreshableEurekaClientConfiguration$$EnhancerBySpringCGLIB$$537b3ecc.CGLIB$eurekaClient$0(<generated>)
	at org.springframework.cloud.netflix.eureka.EurekaClientAutoConfiguration$RefreshableEurekaClientConfiguration$$EnhancerBySpringCGLIB$$537b3ecc$$FastClassBySpringCGLIB$$f971b25d.invoke(<generated>)
	at org.springframework.cglib.proxy.MethodProxy.invokeSuper(MethodProxy.java:228)
	at org.springframework.context.annotation.ConfigurationClassEnhancer$BeanMethodInterceptor.intercept(ConfigurationClassEnhancer.java:358)
	at org.springframework.cloud.netflix.eureka.EurekaClientAutoConfiguration$RefreshableEurekaClientConfiguration$$EnhancerBySpringCGLIB$$537b3ecc.eurekaClient(<generated>)
	at sun.reflect.NativeMethodAccessorImpl.invoke0(Native Method)
	at sun.reflect.NativeMethodAccessorImpl.invoke(NativeMethodAccessorImpl.java:62)
	at sun.reflect.DelegatingMethodAccessorImpl.invoke(DelegatingMethodAccessorImpl.java:43)
	at java.lang.reflect.Method.invoke(Method.java:498)
	at org.springframework.beans.factory.support.SimpleInstantiationStrategy.instantiate(SimpleInstantiationStrategy.java:162)
	at org.springframework.beans.factory.support.ConstructorResolver.instantiateUsingFactoryMethod(ConstructorResolver.java:588)
	at org.springframework.beans.factory.support.AbstractAutowireCapableBeanFactory.instantiateUsingFactoryMethod(AbstractAutowireCapableBeanFactory.java:1173)
	at org.springframework.beans.factory.support.AbstractAutowireCapableBeanFactory.createBeanInstance(AbstractAutowireCapableBeanFactory.java:1067)
	at org.springframework.beans.factory.support.AbstractAutowireCapableBeanFactory.doCreateBean(AbstractAutowireCapableBeanFactory.java:513)
	at org.springframework.beans.factory.support.AbstractAutowireCapableBeanFactory.createBean(AbstractAutowireCapableBeanFactory.java:483)
	at org.springframework.beans.factory.support.AbstractBeanFactory$2.getObject(AbstractBeanFactory.java:345)
	at org.springframework.cloud.context.scope.GenericScope$BeanLifecycleWrapper.getBean(GenericScope.java:379)
	at org.springframework.cloud.context.scope.GenericScope.get(GenericScope.java:181)
	at org.springframework.beans.factory.support.AbstractBeanFactory.doGetBean(AbstractBeanFactory.java:340)
	at org.springframework.beans.factory.support.AbstractBeanFactory.getBean(AbstractBeanFactory.java:197)
	at org.springframework.aop.target.SimpleBeanTargetSource.getTarget(SimpleBeanTargetSource.java:35)
	at org.springframework.aop.framework.JdkDynamicAopProxy.invoke(JdkDynamicAopProxy.java:192)
	at com.sun.proxy.$Proxy88.shutdown(Unknown Source)
	at org.springframework.cloud.netflix.eureka.serviceregistry.EurekaRegistration.close(EurekaRegistration.java:206)
	at sun.reflect.NativeMethodAccessorImpl.invoke0(Native Method)
	at sun.reflect.NativeMethodAccessorImpl.invoke(NativeMethodAccessorImpl.java:62)
	at sun.reflect.DelegatingMethodAccessorImpl.invoke(DelegatingMethodAccessorImpl.java:43)
	at java.lang.reflect.Method.invoke(Method.java:498)
	at org.springframework.beans.factory.support.DisposableBeanAdapter.invokeCustomDestroyMethod(DisposableBeanAdapter.java:364)
	at org.springframework.beans.factory.support.DisposableBeanAdapter.destroy(DisposableBeanAdapter.java:287)
	at org.springframework.beans.factory.support.DefaultSingletonBeanRegistry.destroyBean(DefaultSingletonBeanRegistry.java:578)
	at org.springframework.beans.factory.support.DefaultSingletonBeanRegistry.destroySingleton(DefaultSingletonBeanRegistry.java:554)
	at org.springframework.beans.factory.support.DefaultListableBeanFactory.destroySingleton(DefaultListableBeanFactory.java:961)
	at org.springframework.beans.factory.support.DefaultSingletonBeanRegistry.destroySingletons(DefaultSingletonBeanRegistry.java:523)
	at org.springframework.beans.factory.support.FactoryBeanRegistrySupport.destroySingletons(FactoryBeanRegistrySupport.java:230)
	at org.springframework.beans.factory.support.DefaultListableBeanFactory.destroySingletons(DefaultListableBeanFactory.java:968)
	at org.springframework.context.support.AbstractApplicationContext.destroyBeans(AbstractApplicationContext.java:1033)
	at org.springframework.context.support.AbstractApplicationContext.refresh(AbstractApplicationContext.java:555)
	at org.springframework.boot.context.embedded.EmbeddedWebApplicationContext.refresh(EmbeddedWebApplicationContext.java:122)
	at org.springframework.boot.SpringApplication.refresh(SpringApplication.java:693)
	at org.springframework.boot.SpringApplication.refreshContext(SpringApplication.java:360)
	at org.springframework.boot.SpringApplication.run(SpringApplication.java:303)
	at org.springframework.boot.SpringApplication.run(SpringApplication.java:1118)
	at org.springframework.boot.SpringApplication.run(SpringApplication.java:1107)
	at com.cn.my.mywebmonitor.MywebMonitorApplication.main(MywebMonitorApplication.java:36)
Caused by: java.net.UnknownHostException: paascloud-eureka
	at java.net.Inet6AddressImpl.lookupAllHostAddr(Native Method)
	at java.net.InetAddress$2.lookupAllHostAddr(InetAddress.java:929)
	at java.net.InetAddress.getAddressesFromNameService(InetAddress.java:1324)
	at java.net.InetAddress.getAllByName0(InetAddress.java:1277)
	at java.net.InetAddress.getAllByName(InetAddress.java:1193)
	at java.net.InetAddress.getAllByName(InetAddress.java:1127)
	at org.apache.http.impl.conn.SystemDefaultDnsResolver.resolve(SystemDefaultDnsResolver.java:45)
	at org.apache.http.impl.conn.DefaultClientConnectionOperator.resolveHostname(DefaultClientConnectionOperator.java:263)
	at org.apache.http.impl.conn.DefaultClientConnectionOperator.openConnection(DefaultClientConnectionOperator.java:162)
	at org.apache.http.impl.conn.AbstractPoolEntry.open(AbstractPoolEntry.java:144)
	at org.apache.http.impl.conn.AbstractPooledConnAdapter.open(AbstractPooledConnAdapter.java:134)
	at org.apache.http.impl.client.DefaultRequestDirector.tryConnect(DefaultRequestDirector.java:610)
	at org.apache.http.impl.client.DefaultRequestDirector.execute(DefaultRequestDirector.java:445)
	at org.apache.http.impl.client.AbstractHttpClient.doExecute(AbstractHttpClient.java:835)
	at org.apache.http.impl.client.CloseableHttpClient.execute(CloseableHttpClient.java:118)
	at org.apache.http.impl.client.CloseableHttpClient.execute(CloseableHttpClient.java:56)
	at com.sun.jersey.client.apache4.ApacheHttpClient4Handler.handle(ApacheHttpClient4Handler.java:173)
	... 72 common frames omitted
2019-04-09 09:56:02,223 [WARN] [main] c.n.d.shared.transport.decorator.RetryableEurekaHttpClient [RetryableEurekaHttpClient.java : 129] Request execution failed with message: java.net.UnknownHostException: paascloud-eureka
2019-04-09 09:56:02,226 [ERROR] [main] com.netflix.discovery.DiscoveryClient [DiscoveryClient.java : 943] DiscoveryClient_MYWEB-MONITOR/PC-20190331TBIT:myweb-monitor:8010 - was unable to refresh its cache! status = Cannot execute request on any known server
com.netflix.discovery.shared.transport.TransportException: Cannot execute request on any known server
	at com.netflix.discovery.shared.transport.decorator.RetryableEurekaHttpClient.execute(RetryableEurekaHttpClient.java:111)
	at com.netflix.discovery.shared.transport.decorator.EurekaHttpClientDecorator.getApplications(EurekaHttpClientDecorator.java:134)
	at com.netflix.discovery.shared.transport.decorator.EurekaHttpClientDecorator$6.execute(EurekaHttpClientDecorator.java:137)
	at com.netflix.discovery.shared.transport.decorator.SessionedEurekaHttpClient.execute(SessionedEurekaHttpClient.java:77)
	at com.netflix.discovery.shared.transport.decorator.EurekaHttpClientDecorator.getApplications(EurekaHttpClientDecorator.java:134)
	at com.netflix.discovery.DiscoveryClient.getAndStoreFullRegistry(DiscoveryClient.java:1022)
	at com.netflix.discovery.DiscoveryClient.fetchRegistry(DiscoveryClient.java:936)
	at com.netflix.discovery.DiscoveryClient.<init>(DiscoveryClient.java:412)
	at com.netflix.discovery.DiscoveryClient.<init>(DiscoveryClient.java:267)
	at org.springframework.cloud.netflix.eureka.CloudEurekaClient.<init>(CloudEurekaClient.java:61)
	at org.springframework.cloud.netflix.eureka.EurekaClientAutoConfiguration$RefreshableEurekaClientConfiguration.eurekaClient(EurekaClientAutoConfiguration.java:261)
	at org.springframework.cloud.netflix.eureka.EurekaClientAutoConfiguration$RefreshableEurekaClientConfiguration$$EnhancerBySpringCGLIB$$537b3ecc.CGLIB$eurekaClient$0(<generated>)
	at org.springframework.cloud.netflix.eureka.EurekaClientAutoConfiguration$RefreshableEurekaClientConfiguration$$EnhancerBySpringCGLIB$$537b3ecc$$FastClassBySpringCGLIB$$f971b25d.invoke(<generated>)
	at org.springframework.cglib.proxy.MethodProxy.invokeSuper(MethodProxy.java:228)
	at org.springframework.context.annotation.ConfigurationClassEnhancer$BeanMethodInterceptor.intercept(ConfigurationClassEnhancer.java:358)
	at org.springframework.cloud.netflix.eureka.EurekaClientAutoConfiguration$RefreshableEurekaClientConfiguration$$EnhancerBySpringCGLIB$$537b3ecc.eurekaClient(<generated>)
	at sun.reflect.NativeMethodAccessorImpl.invoke0(Native Method)
	at sun.reflect.NativeMethodAccessorImpl.invoke(NativeMethodAccessorImpl.java:62)
	at sun.reflect.DelegatingMethodAccessorImpl.invoke(DelegatingMethodAccessorImpl.java:43)
	at java.lang.reflect.Method.invoke(Method.java:498)
	at org.springframework.beans.factory.support.SimpleInstantiationStrategy.instantiate(SimpleInstantiationStrategy.java:162)
	at org.springframework.beans.factory.support.ConstructorResolver.instantiateUsingFactoryMethod(ConstructorResolver.java:588)
	at org.springframework.beans.factory.support.AbstractAutowireCapableBeanFactory.instantiateUsingFactoryMethod(AbstractAutowireCapableBeanFactory.java:1173)
	at org.springframework.beans.factory.support.AbstractAutowireCapableBeanFactory.createBeanInstance(AbstractAutowireCapableBeanFactory.java:1067)
	at org.springframework.beans.factory.support.AbstractAutowireCapableBeanFactory.doCreateBean(AbstractAutowireCapableBeanFactory.java:513)
	at org.springframework.beans.factory.support.AbstractAutowireCapableBeanFactory.createBean(AbstractAutowireCapableBeanFactory.java:483)
	at org.springframework.beans.factory.support.AbstractBeanFactory$2.getObject(AbstractBeanFactory.java:345)
	at org.springframework.cloud.context.scope.GenericScope$BeanLifecycleWrapper.getBean(GenericScope.java:379)
	at org.springframework.cloud.context.scope.GenericScope.get(GenericScope.java:181)
	at org.springframework.beans.factory.support.AbstractBeanFactory.doGetBean(AbstractBeanFactory.java:340)
	at org.springframework.beans.factory.support.AbstractBeanFactory.getBean(AbstractBeanFactory.java:197)
	at org.springframework.aop.target.SimpleBeanTargetSource.getTarget(SimpleBeanTargetSource.java:35)
	at org.springframework.aop.framework.JdkDynamicAopProxy.invoke(JdkDynamicAopProxy.java:192)
	at com.sun.proxy.$Proxy88.shutdown(Unknown Source)
	at org.springframework.cloud.netflix.eureka.serviceregistry.EurekaRegistration.close(EurekaRegistration.java:206)
	at sun.reflect.NativeMethodAccessorImpl.invoke0(Native Method)
	at sun.reflect.NativeMethodAccessorImpl.invoke(NativeMethodAccessorImpl.java:62)
	at sun.reflect.DelegatingMethodAccessorImpl.invoke(DelegatingMethodAccessorImpl.java:43)
	at java.lang.reflect.Method.invoke(Method.java:498)
	at org.springframework.beans.factory.support.DisposableBeanAdapter.invokeCustomDestroyMethod(DisposableBeanAdapter.java:364)
	at org.springframework.beans.factory.support.DisposableBeanAdapter.destroy(DisposableBeanAdapter.java:287)
	at org.springframework.beans.factory.support.DefaultSingletonBeanRegistry.destroyBean(DefaultSingletonBeanRegistry.java:578)
	at org.springframework.beans.factory.support.DefaultSingletonBeanRegistry.destroySingleton(DefaultSingletonBeanRegistry.java:554)
	at org.springframework.beans.factory.support.DefaultListableBeanFactory.destroySingleton(DefaultListableBeanFactory.java:961)
	at org.springframework.beans.factory.support.DefaultSingletonBeanRegistry.destroySingletons(DefaultSingletonBeanRegistry.java:523)
	at org.springframework.beans.factory.support.FactoryBeanRegistrySupport.destroySingletons(FactoryBeanRegistrySupport.java:230)
	at org.springframework.beans.factory.support.DefaultListableBeanFactory.destroySingletons(DefaultListableBeanFactory.java:968)
	at org.springframework.context.support.AbstractApplicationContext.destroyBeans(AbstractApplicationContext.java:1033)
	at org.springframework.context.support.AbstractApplicationContext.refresh(AbstractApplicationContext.java:555)
	at org.springframework.boot.context.embedded.EmbeddedWebApplicationContext.refresh(EmbeddedWebApplicationContext.java:122)
	at org.springframework.boot.SpringApplication.refresh(SpringApplication.java:693)
	at org.springframework.boot.SpringApplication.refreshContext(SpringApplication.java:360)
	at org.springframework.boot.SpringApplication.run(SpringApplication.java:303)
	at org.springframework.boot.SpringApplication.run(SpringApplication.java:1118)
	at org.springframework.boot.SpringApplication.run(SpringApplication.java:1107)
	at com.cn.my.mywebmonitor.MywebMonitorApplication.main(MywebMonitorApplication.java:36)
2019-04-09 09:56:02,240 [WARN] [main] com.netflix.discovery.DiscoveryClient [DiscoveryClient.java : 288] Using default backup registry implementation which does not do anything.
2019-04-09 09:56:02,245 [INFO] [main] com.netflix.discovery.DiscoveryClient [DiscoveryClient.java : 1253] Starting heartbeat executor: renew interval is: 30
2019-04-09 09:56:02,250 [INFO] [main] com.netflix.discovery.InstanceInfoReplicator [InstanceInfoReplicator.java : 59] InstanceInfoReplicator onDemand update allowed rate per min is 4
2019-04-09 09:56:02,253 [INFO] [main] com.netflix.discovery.DiscoveryClient [DiscoveryClient.java : 434] Discovery Client initialized at timestamp 1554774962253 with initial instances count: 0
2019-04-09 09:56:02,275 [INFO] [main] com.netflix.discovery.DiscoveryClient [DiscoveryClient.java : 861] Shutting down DiscoveryClient ...
2019-04-09 09:56:02,276 [INFO] [main] com.netflix.discovery.DiscoveryClient [DiscoveryClient.java : 893] Unregistering ...
2019-04-09 09:56:02,279 [ERROR] [main] c.n.d.shared.transport.decorator.RedirectingEurekaHttpClient [RedirectingEurekaHttpClient.java : 83] Request execution error
com.sun.jersey.api.client.ClientHandlerException: java.net.UnknownHostException: paascloud-eureka
	at com.sun.jersey.client.apache4.ApacheHttpClient4Handler.handle(ApacheHttpClient4Handler.java:187)
	at com.sun.jersey.api.client.filter.GZIPContentEncodingFilter.handle(GZIPContentEncodingFilter.java:123)
	at com.netflix.discovery.EurekaIdentityHeaderFilter.handle(EurekaIdentityHeaderFilter.java:27)
	at com.sun.jersey.api.client.Client.handle(Client.java:652)
	at com.sun.jersey.api.client.WebResource.handle(WebResource.java:682)
	at com.sun.jersey.api.client.WebResource.access$200(WebResource.java:74)
	at com.sun.jersey.api.client.WebResource$Builder.delete(WebResource.java:591)
	at com.netflix.discovery.shared.transport.jersey.AbstractJerseyEurekaHttpClient.cancel(AbstractJerseyEurekaHttpClient.java:76)
	at com.netflix.discovery.shared.transport.decorator.EurekaHttpClientDecorator$2.execute(EurekaHttpClientDecorator.java:74)
	at com.netflix.discovery.shared.transport.decorator.MetricsCollectingEurekaHttpClient.execute(MetricsCollectingEurekaHttpClient.java:73)
	at com.netflix.discovery.shared.transport.decorator.EurekaHttpClientDecorator.cancel(EurekaHttpClientDecorator.java:71)
	at com.netflix.discovery.shared.transport.decorator.EurekaHttpClientDecorator$2.execute(EurekaHttpClientDecorator.java:74)
	at com.netflix.discovery.shared.transport.decorator.RedirectingEurekaHttpClient.executeOnNewServer(RedirectingEurekaHttpClient.java:118)
	at com.netflix.discovery.shared.transport.decorator.RedirectingEurekaHttpClient.execute(RedirectingEurekaHttpClient.java:79)
	at com.netflix.discovery.shared.transport.decorator.EurekaHttpClientDecorator.cancel(EurekaHttpClientDecorator.java:71)
	at com.netflix.discovery.shared.transport.decorator.EurekaHttpClientDecorator$2.execute(EurekaHttpClientDecorator.java:74)
	at com.netflix.discovery.shared.transport.decorator.RetryableEurekaHttpClient.execute(RetryableEurekaHttpClient.java:119)
	at com.netflix.discovery.shared.transport.decorator.EurekaHttpClientDecorator.cancel(EurekaHttpClientDecorator.java:71)
	at com.netflix.discovery.shared.transport.decorator.EurekaHttpClientDecorator$2.execute(EurekaHttpClientDecorator.java:74)
	at com.netflix.discovery.shared.transport.decorator.SessionedEurekaHttpClient.execute(SessionedEurekaHttpClient.java:77)
	at com.netflix.discovery.shared.transport.decorator.EurekaHttpClientDecorator.cancel(EurekaHttpClientDecorator.java:71)
	at com.netflix.discovery.DiscoveryClient.unregister(DiscoveryClient.java:894)
	at com.netflix.discovery.DiscoveryClient.shutdown(DiscoveryClient.java:872)
	at sun.reflect.NativeMethodAccessorImpl.invoke0(Native Method)
	at sun.reflect.NativeMethodAccessorImpl.invoke(NativeMethodAccessorImpl.java:62)
	at sun.reflect.DelegatingMethodAccessorImpl.invoke(DelegatingMethodAccessorImpl.java:43)
	at java.lang.reflect.Method.invoke(Method.java:498)
	at org.springframework.util.ReflectionUtils.invokeMethod(ReflectionUtils.java:216)
	at org.springframework.cloud.context.scope.GenericScope$LockedScopedProxyFactoryBean.invoke(GenericScope.java:470)
	at org.springframework.aop.framework.ReflectiveMethodInvocation.proceed(ReflectiveMethodInvocation.java:179)
	at org.springframework.aop.framework.JdkDynamicAopProxy.invoke(JdkDynamicAopProxy.java:213)
	at com.sun.proxy.$Proxy88.shutdown(Unknown Source)
	at org.springframework.cloud.netflix.eureka.serviceregistry.EurekaRegistration.close(EurekaRegistration.java:206)
	at sun.reflect.NativeMethodAccessorImpl.invoke0(Native Method)
	at sun.reflect.NativeMethodAccessorImpl.invoke(NativeMethodAccessorImpl.java:62)
	at sun.reflect.DelegatingMethodAccessorImpl.invoke(DelegatingMethodAccessorImpl.java:43)
	at java.lang.reflect.Method.invoke(Method.java:498)
	at org.springframework.beans.factory.support.DisposableBeanAdapter.invokeCustomDestroyMethod(DisposableBeanAdapter.java:364)
	at org.springframework.beans.factory.support.DisposableBeanAdapter.destroy(DisposableBeanAdapter.java:287)
	at org.springframework.beans.factory.support.DefaultSingletonBeanRegistry.destroyBean(DefaultSingletonBeanRegistry.java:578)
	at org.springframework.beans.factory.support.DefaultSingletonBeanRegistry.destroySingleton(DefaultSingletonBeanRegistry.java:554)
	at org.springframework.beans.factory.support.DefaultListableBeanFactory.destroySingleton(DefaultListableBeanFactory.java:961)
	at org.springframework.beans.factory.support.DefaultSingletonBeanRegistry.destroySingletons(DefaultSingletonBeanRegistry.java:523)
	at org.springframework.beans.factory.support.FactoryBeanRegistrySupport.destroySingletons(FactoryBeanRegistrySupport.java:230)
	at org.springframework.beans.factory.support.DefaultListableBeanFactory.destroySingletons(DefaultListableBeanFactory.java:968)
	at org.springframework.context.support.AbstractApplicationContext.destroyBeans(AbstractApplicationContext.java:1033)
	at org.springframework.context.support.AbstractApplicationContext.refresh(AbstractApplicationContext.java:555)
	at org.springframework.boot.context.embedded.EmbeddedWebApplicationContext.refresh(EmbeddedWebApplicationContext.java:122)
	at org.springframework.boot.SpringApplication.refresh(SpringApplication.java:693)
	at org.springframework.boot.SpringApplication.refreshContext(SpringApplication.java:360)
	at org.springframework.boot.SpringApplication.run(SpringApplication.java:303)
	at org.springframework.boot.SpringApplication.run(SpringApplication.java:1118)
	at org.springframework.boot.SpringApplication.run(SpringApplication.java:1107)
	at com.cn.my.mywebmonitor.MywebMonitorApplication.main(MywebMonitorApplication.java:36)
Caused by: java.net.UnknownHostException: paascloud-eureka
	at java.net.InetAddress.getAllByName0(InetAddress.java:1281)
	at java.net.InetAddress.getAllByName(InetAddress.java:1193)
	at java.net.InetAddress.getAllByName(InetAddress.java:1127)
	at org.apache.http.impl.conn.SystemDefaultDnsResolver.resolve(SystemDefaultDnsResolver.java:45)
	at org.apache.http.impl.conn.DefaultClientConnectionOperator.resolveHostname(DefaultClientConnectionOperator.java:263)
	at org.apache.http.impl.conn.DefaultClientConnectionOperator.openConnection(DefaultClientConnectionOperator.java:162)
	at org.apache.http.impl.conn.AbstractPoolEntry.open(AbstractPoolEntry.java:144)
	at org.apache.http.impl.conn.AbstractPooledConnAdapter.open(AbstractPooledConnAdapter.java:134)
	at org.apache.http.impl.client.DefaultRequestDirector.tryConnect(DefaultRequestDirector.java:610)
	at org.apache.http.impl.client.DefaultRequestDirector.execute(DefaultRequestDirector.java:445)
	at org.apache.http.impl.client.AbstractHttpClient.doExecute(AbstractHttpClient.java:835)
	at org.apache.http.impl.client.CloseableHttpClient.execute(CloseableHttpClient.java:118)
	at org.apache.http.impl.client.CloseableHttpClient.execute(CloseableHttpClient.java:56)
	at com.sun.jersey.client.apache4.ApacheHttpClient4Handler.handle(ApacheHttpClient4Handler.java:173)
	... 53 common frames omitted
2019-04-09 09:56:02,280 [WARN] [main] c.n.d.shared.transport.decorator.RetryableEurekaHttpClient [RetryableEurekaHttpClient.java : 129] Request execution failed with message: java.net.UnknownHostException: paascloud-eureka
2019-04-09 09:56:02,280 [ERROR] [main] com.netflix.discovery.DiscoveryClient [DiscoveryClient.java : 897] DiscoveryClient_MYWEB-MONITOR/PC-20190331TBIT:myweb-monitor:8010 - de-registration failedCannot execute request on any known server
com.netflix.discovery.shared.transport.TransportException: Cannot execute request on any known server
	at com.netflix.discovery.shared.transport.decorator.RetryableEurekaHttpClient.execute(RetryableEurekaHttpClient.java:111)
	at com.netflix.discovery.shared.transport.decorator.EurekaHttpClientDecorator.cancel(EurekaHttpClientDecorator.java:71)
	at com.netflix.discovery.shared.transport.decorator.EurekaHttpClientDecorator$2.execute(EurekaHttpClientDecorator.java:74)
	at com.netflix.discovery.shared.transport.decorator.SessionedEurekaHttpClient.execute(SessionedEurekaHttpClient.java:77)
	at com.netflix.discovery.shared.transport.decorator.EurekaHttpClientDecorator.cancel(EurekaHttpClientDecorator.java:71)
	at com.netflix.discovery.DiscoveryClient.unregister(DiscoveryClient.java:894)
	at com.netflix.discovery.DiscoveryClient.shutdown(DiscoveryClient.java:872)
	at sun.reflect.NativeMethodAccessorImpl.invoke0(Native Method)
	at sun.reflect.NativeMethodAccessorImpl.invoke(NativeMethodAccessorImpl.java:62)
	at sun.reflect.DelegatingMethodAccessorImpl.invoke(DelegatingMethodAccessorImpl.java:43)
	at java.lang.reflect.Method.invoke(Method.java:498)
	at org.springframework.util.ReflectionUtils.invokeMethod(ReflectionUtils.java:216)
	at org.springframework.cloud.context.scope.GenericScope$LockedScopedProxyFactoryBean.invoke(GenericScope.java:470)
	at org.springframework.aop.framework.ReflectiveMethodInvocation.proceed(ReflectiveMethodInvocation.java:179)
	at org.springframework.aop.framework.JdkDynamicAopProxy.invoke(JdkDynamicAopProxy.java:213)
	at com.sun.proxy.$Proxy88.shutdown(Unknown Source)
	at org.springframework.cloud.netflix.eureka.serviceregistry.EurekaRegistration.close(EurekaRegistration.java:206)
	at sun.reflect.NativeMethodAccessorImpl.invoke0(Native Method)
	at sun.reflect.NativeMethodAccessorImpl.invoke(NativeMethodAccessorImpl.java:62)
	at sun.reflect.DelegatingMethodAccessorImpl.invoke(DelegatingMethodAccessorImpl.java:43)
	at java.lang.reflect.Method.invoke(Method.java:498)
	at org.springframework.beans.factory.support.DisposableBeanAdapter.invokeCustomDestroyMethod(DisposableBeanAdapter.java:364)
	at org.springframework.beans.factory.support.DisposableBeanAdapter.destroy(DisposableBeanAdapter.java:287)
	at org.springframework.beans.factory.support.DefaultSingletonBeanRegistry.destroyBean(DefaultSingletonBeanRegistry.java:578)
	at org.springframework.beans.factory.support.DefaultSingletonBeanRegistry.destroySingleton(DefaultSingletonBeanRegistry.java:554)
	at org.springframework.beans.factory.support.DefaultListableBeanFactory.destroySingleton(DefaultListableBeanFactory.java:961)
	at org.springframework.beans.factory.support.DefaultSingletonBeanRegistry.destroySingletons(DefaultSingletonBeanRegistry.java:523)
	at org.springframework.beans.factory.support.FactoryBeanRegistrySupport.destroySingletons(FactoryBeanRegistrySupport.java:230)
	at org.springframework.beans.factory.support.DefaultListableBeanFactory.destroySingletons(DefaultListableBeanFactory.java:968)
	at org.springframework.context.support.AbstractApplicationContext.destroyBeans(AbstractApplicationContext.java:1033)
	at org.springframework.context.support.AbstractApplicationContext.refresh(AbstractApplicationContext.java:555)
	at org.springframework.boot.context.embedded.EmbeddedWebApplicationContext.refresh(EmbeddedWebApplicationContext.java:122)
	at org.springframework.boot.SpringApplication.refresh(SpringApplication.java:693)
	at org.springframework.boot.SpringApplication.refreshContext(SpringApplication.java:360)
	at org.springframework.boot.SpringApplication.run(SpringApplication.java:303)
	at org.springframework.boot.SpringApplication.run(SpringApplication.java:1118)
	at org.springframework.boot.SpringApplication.run(SpringApplication.java:1107)
	at com.cn.my.mywebmonitor.MywebMonitorApplication.main(MywebMonitorApplication.java:36)
2019-04-09 09:56:02,284 [INFO] [main] com.netflix.discovery.DiscoveryClient [DiscoveryClient.java : 882] Completed shut down of DiscoveryClient
2019-04-09 09:56:02,290 [INFO] [main] org.apache.catalina.core.StandardService [DirectJDKLog.java : 179] Stopping service [Tomcat]
2019-04-09 09:56:02,353 [INFO] [main] o.s.b.a.logging.AutoConfigurationReportLoggingInitializer [AutoConfigurationReportLoggingInitializer.java : 101] 

Error starting ApplicationContext. To display the auto-configuration report re-run your application with 'debug' enabled.
2019-04-09 09:56:02,363 [ERROR] [main] org.springframework.boot.SpringApplication [SpringApplication.java : 771] Application startup failed
org.springframework.beans.factory.BeanCreationException: Error creating bean with name 'org.springframework.boot.autoconfigure.mail.MailSenderValidatorAutoConfiguration': Invocation of init method failed; nested exception is java.lang.IllegalStateException: Mail server is not available
	at org.springframework.beans.factory.annotation.InitDestroyAnnotationBeanPostProcessor.postProcessBeforeInitialization(InitDestroyAnnotationBeanPostProcessor.java:137)
	at org.springframework.beans.factory.support.AbstractAutowireCapableBeanFactory.applyBeanPostProcessorsBeforeInitialization(AbstractAutowireCapableBeanFactory.java:409)
	at org.springframework.beans.factory.support.AbstractAutowireCapableBeanFactory.initializeBean(AbstractAutowireCapableBeanFactory.java:1620)
	at org.springframework.beans.factory.support.AbstractAutowireCapableBeanFactory.doCreateBean(AbstractAutowireCapableBeanFactory.java:555)
	at org.springframework.beans.factory.support.AbstractAutowireCapableBeanFactory.createBean(AbstractAutowireCapableBeanFactory.java:483)
	at org.springframework.beans.factory.support.AbstractBeanFactory$1.getObject(AbstractBeanFactory.java:306)
	at org.springframework.beans.factory.support.DefaultSingletonBeanRegistry.getSingleton(DefaultSingletonBeanRegistry.java:230)
	at org.springframework.beans.factory.support.AbstractBeanFactory.doGetBean(AbstractBeanFactory.java:302)
	at org.springframework.beans.factory.support.AbstractBeanFactory.getBean(AbstractBeanFactory.java:197)
	at org.springframework.beans.factory.support.DefaultListableBeanFactory.preInstantiateSingletons(DefaultListableBeanFactory.java:761)
	at org.springframework.context.support.AbstractApplicationContext.finishBeanFactoryInitialization(AbstractApplicationContext.java:866)
	at org.springframework.context.support.AbstractApplicationContext.refresh(AbstractApplicationContext.java:542)
	at org.springframework.boot.context.embedded.EmbeddedWebApplicationContext.refresh(EmbeddedWebApplicationContext.java:122)
	at org.springframework.boot.SpringApplication.refresh(SpringApplication.java:693)
	at org.springframework.boot.SpringApplication.refreshContext(SpringApplication.java:360)
	at org.springframework.boot.SpringApplication.run(SpringApplication.java:303)
	at org.springframework.boot.SpringApplication.run(SpringApplication.java:1118)
	at org.springframework.boot.SpringApplication.run(SpringApplication.java:1107)
	at com.cn.my.mywebmonitor.MywebMonitorApplication.main(MywebMonitorApplication.java:36)
Caused by: java.lang.IllegalStateException: Mail server is not available
	at org.springframework.boot.autoconfigure.mail.MailSenderValidatorAutoConfiguration.validateConnection(MailSenderValidatorAutoConfiguration.java:55)
	at sun.reflect.NativeMethodAccessorImpl.invoke0(Native Method)
	at sun.reflect.NativeMethodAccessorImpl.invoke(NativeMethodAccessorImpl.java:62)
	at sun.reflect.DelegatingMethodAccessorImpl.invoke(DelegatingMethodAccessorImpl.java:43)
	at java.lang.reflect.Method.invoke(Method.java:498)
	at org.springframework.beans.factory.annotation.InitDestroyAnnotationBeanPostProcessor$LifecycleElement.invoke(InitDestroyAnnotationBeanPostProcessor.java:366)
	at org.springframework.beans.factory.annotation.InitDestroyAnnotationBeanPostProcessor$LifecycleMetadata.invokeInitMethods(InitDestroyAnnotationBeanPostProcessor.java:311)
	at org.springframework.beans.factory.annotation.InitDestroyAnnotationBeanPostProcessor.postProcessBeforeInitialization(InitDestroyAnnotationBeanPostProcessor.java:134)
	... 18 common frames omitted
Caused by: javax.mail.AuthenticationFailedException: 535 5.7.8 authentication failed

	at com.sun.mail.smtp.SMTPTransport$Authenticator.authenticate(SMTPTransport.java:932)
	at com.sun.mail.smtp.SMTPTransport.authenticate(SMTPTransport.java:843)
	at com.sun.mail.smtp.SMTPTransport.protocolConnect(SMTPTransport.java:748)
	at javax.mail.Service.connect(Service.java:366)
	at org.springframework.mail.javamail.JavaMailSenderImpl.connectTransport(JavaMailSenderImpl.java:501)
	at org.springframework.mail.javamail.JavaMailSenderImpl.testConnection(JavaMailSenderImpl.java:382)
	at org.springframework.boot.autoconfigure.mail.MailSenderValidatorAutoConfiguration.validateConnection(MailSenderValidatorAutoConfiguration.java:52)
	... 25 common frames omitted
